C51 COMPILER V9.54   MAIN                                                                  01/13/2023 00:19:19 PAGE 1   


C51 COMPILER V9.54, COMPILATION OF MODULE MAIN
OBJECT MODULE PLACED IN .\Objects\main.obj
COMPILER INVOKED BY: C:\keil5\C51\BIN\C51.EXE main.c OPTIMIZE(8,SPEED) BROWSE DEBUG OBJECTEXTEND PRINT(.\Listings\main.l
                    -st) TABS(2) OBJECT(.\Objects\main.obj)

line level    source

   1          #include <REGX52.H>
   2          #include <string.h>
   3          #include "LCD1602.h"
   4          #include "Delay.h"
   5          #include "UART.h"
   6          #include "Timer0.h"
   7          sbit Motor=P1^0;
   8          unsigned char mode=20,flag1=0,flag2=0,flag3=0,Counter,Compare;
   9          void main()
  10          {
  11   1        UART_Init();    //串口初始化
  12   1        LCD_Init();
  13   1        Timer0_Init();
  14   1        while(1)
  15   1        {
  16   2          
  17   2              if(mode==1)
  18   2          {
  19   3            LCD_ShowString(1,1,"Speed:S");
  20   3              LCD_ShowNum(1,8,1,1);
  21   3            if(flag1)
  22   3            {
  23   4              Compare = 50;
  24   4              UART_Sendstring("S1");
  25   4              flag1 = 0;
  26   4            }
  27   3          }
  28   2      
  29   2              if(mode==2)
  30   2          {
  31   3            LCD_ShowString(1,1,"Speed:S");
  32   3              LCD_ShowNum(1,8,2,1);
  33   3            if(flag2)
  34   3            {
  35   4              Compare = 75;
  36   4              UART_Sendstring("S2");
  37   4              flag2 = 0;
  38   4            }
  39   3          }
  40   2      
  41   2              if(mode==3)
  42   2          {
  43   3            LCD_ShowString(1,1,"Speed:S");
  44   3              LCD_ShowNum(1,8,3,1);
  45   3            if(flag3)
  46   3            {
  47   4              Compare = 100;
  48   4              UART_Sendstring("S3");
  49   4              flag3 = 0;
  50   4            }
  51   3          }
  52   2      
  53   2            
  54   2      
C51 COMPILER V9.54   MAIN                                                                  01/13/2023 00:19:19 PAGE 2   

  55   2        }
  56   1      }
  57          
  58          void UART_Routine() interrupt 4
  59          {
  60   1        unsigned char bytedata = '\0';
  61   1        static unsigned char str[32] = {'\0'},cnt=0;
  62   1        if(RI==1)
  63   1        {
  64   2          bytedata = SBUF;
  65   2          if(bytedata != '\n')
  66   2          {
  67   3            strncat(str,&bytedata,1);
  68   3            cnt++;
  69   3          }
  70   2          else
  71   2          {
  72   3            memset(str,'\0',sizeof(str));
  73   3            cnt = 0;
  74   3          }
  75   2            
  76   2        
  77   2          
  78   2          if(cnt==2)
  79   2          {
  80   3            if(str[0]=='S')
  81   3            {
  82   4              switch (str[1])
  83   4              {
  84   5                case '1':
  85   5                  mode = 1;
  86   5                  cnt = 0;
  87   5                  flag1 = 1;
  88   5                  break;
  89   5                case '2':
  90   5                  mode = 2;
  91   5                  cnt = 0;
  92   5                  flag2 = 1;
  93   5                  break;
  94   5                case '3':
  95   5                  mode = 3;
  96   5                  cnt = 0;
  97   5                  flag3 = 1;
  98   5                  break;
  99   5              }
 100   4      //        memset(str,'\0',sizeof(str));
 101   4            }
 102   3          }
 103   2          
 104   2          
 105   2          RI=0;
 106   2        }
 107   1      }
 108          
 109          void Timer0_Routine() interrupt 1
 110          {
 111   1        TL0 = 0x9C;   //设置定时初值
 112   1        TH0 = 0xFF;   //设置定时初值
 113   1        Counter++;
 114   1        Counter%=100; //计数值变化范围限制在0~99
 115   1        if(Counter<Compare) //计数值小于比较值
 116   1        {
C51 COMPILER V9.54   MAIN                                                                  01/13/2023 00:19:19 PAGE 3   

 117   2          Motor=1;    //输出1
 118   2        }
 119   1        else        //计数值大于比较值
 120   1        {
 121   2          Motor=0;    //输出0
 122   2        }
 123   1      }


MODULE INFORMATION:   STATIC OVERLAYABLE
   CODE SIZE        =    388    ----
   CONSTANT SIZE    =     17    ----
   XDATA SIZE       =   ----    ----
   PDATA SIZE       =   ----    ----
   DATA SIZE        =     39       1
   IDATA SIZE       =   ----    ----
   BIT SIZE         =   ----    ----
END OF MODULE INFORMATION.


C51 COMPILATION COMPLETE.  0 WARNING(S),  0 ERROR(S)
