C51 COMPILER V9.54   DHT11                                                                 01/16/2023 14:38:02 PAGE 1   


C51 COMPILER V9.54, COMPILATION OF MODULE DHT11
OBJECT MODULE PLACED IN .\Objects\DHT11.obj
COMPILER INVOKED BY: C:\keil5\C51\BIN\C51.EXE DHT11.c OPTIMIZE(8,SPEED) BROWSE DEBUG OBJECTEXTEND PRINT(.\Listings\DHT11
                    -.lst) TABS(2) OBJECT(.\Objects\DHT11.obj)

line level    source

   1          #include <REGX52.H>
   2          //head文件不能用uchar这种定义
   3          #define uchar unsigned char
   4          #define uint unsigned int
   5          sbit Data=P3^2;   //定义数据线
   6          
   7          void DHT11_delay_us(uchar n)
   8          {
   9   1          while(--n);
  10   1      }
  11          
  12          void DHT11_delay_ms(uint z)
  13          {
  14   1         uint i,j;
  15   1         for(i=z;i>0;i--)
  16   1            for(j=110;j>0;j--);
  17   1      }
  18          
  19          void DHT11_start()
  20          {
  21   1         Data=1;
  22   1         DHT11_delay_us(2);
  23   1         Data=0;
  24   1         DHT11_delay_ms(20);   //延时18ms以上
  25   1         Data=1;
  26   1         DHT11_delay_us(30);
  27   1      }
  28          
  29          uchar DHT11_rec_byte()      //接收一个字节
  30          {
  31   1         uchar i,dat=0;
  32   1        for(i=0;i<8;i++)    //从高到低依次接收8位数据
  33   1         {          
  34   2            while(!Data);  // 等待50us低电平过去
  35   2            DHT11_delay_us(8);     //延时60us，如果还为高则数据为1，否则为0 
  36   2            dat<<=1;           //移位使正确接收8位数据，数据为0时直接移位
  37   2            if(Data==1)    //数据为1时，使dat加1来接收数据1
  38   2               dat+=1;
  39   2            while(Data);  //等待数据线拉低    
  40   2          }  
  41   1          return dat;
  42   1      }
  43          
  44          void DHT11_receive(unsigned char*R,unsigned char*T)      //接收40位的数据
  45          {
  46   1          uchar R_H,R_L,T_H,T_L,RH,RL,TH,TL,revise; 
  47   1          DHT11_start();
  48   1          if(Data==0)
  49   1          {
  50   2              while(Data==0);   //等待拉高     
  51   2              DHT11_delay_us(40);  //拉高后延时80us
  52   2              R_H=DHT11_rec_byte();    //接收湿度高八位  
  53   2              R_L=DHT11_rec_byte();    //接收湿度低八位  
  54   2              T_H=DHT11_rec_byte();    //接收温度高八位  
C51 COMPILER V9.54   DHT11                                                                 01/16/2023 14:38:02 PAGE 2   

  55   2              T_L=DHT11_rec_byte();    //接收温度低八位
  56   2              revise=DHT11_rec_byte(); //接收校正位
  57   2      
  58   2              DHT11_delay_us(25);    //结束
  59   2      
  60   2              if((R_H+R_L+T_H+T_L)==revise)      //校正
  61   2              {
  62   3                  RH=R_H;
  63   3                  RL=R_L;
  64   3                  TH=T_H;
  65   3                  TL=T_L;
  66   3              }
  67   2                *R = RH;
  68   2                *T = TH;
  69   2              
  70   2              /*数据处理，方便显示*/
  71   2      //        rec_dat[0]='0'+(RH/10);
  72   2      //        rec_dat[1]='0'+(RH%10);
  73   2      //        rec_dat[2]='R';
  74   2      //        rec_dat[3]='H';
  75   2      //        rec_dat[4]=' ';
  76   2      //        rec_dat[5]=' ';
  77   2      //        rec_dat[6]='0'+(TH/10);
  78   2      //        rec_dat[7]='0'+(TH%10);
  79   2      //        rec_dat[8]='C';
  80   2              
  81   2          }
  82   1      }


MODULE INFORMATION:   STATIC OVERLAYABLE
   CODE SIZE        =    203    ----
   CONSTANT SIZE    =   ----    ----
   XDATA SIZE       =   ----    ----
   PDATA SIZE       =   ----    ----
   DATA SIZE        =   ----      12
   IDATA SIZE       =   ----    ----
   BIT SIZE         =   ----    ----
END OF MODULE INFORMATION.


C51 COMPILATION COMPLETE.  0 WARNING(S),  0 ERROR(S)
