C51 COMPILER V9.54   MAIN                                                                  01/22/2023 14:16:16 PAGE 1   


C51 COMPILER V9.54, COMPILATION OF MODULE MAIN
OBJECT MODULE PLACED IN .\Objects\main.obj
COMPILER INVOKED BY: C:\keil5\C51\BIN\C51.EXE main.c OPTIMIZE(8,SPEED) BROWSE DEBUG OBJECTEXTEND PRINT(.\Listings\main.l
                    -st) TABS(2) OBJECT(.\Objects\main.obj)

line level    source

   1          #include <REGX52.H>
   2          #include <string.h>
   3          #include "Delay.h"
   4          #include "UART.h"
   5          unsigned char str[10] = {'\0'},KeyNum,MODE,TimeSetSelect,TimeSetFlashFlag,FreqSelect,MusicSelect,song,cloc
             -k_h=0,clock_m=0,clock_s=0,flags=0;
   6          
   7          void main()
   8          {
   9   1        UART_Init();
  10   1        while(1)
  11   1        {
  12   2          if(flags)
  13   2          {
  14   3            flags = 0;
  15   3            song = 1;
  16   3            clock_h = str[0];
  17   3            UART_SendByte(clock_h);
  18   3          }
  19   2        }
  20   1      }
  21          
  22          
  23          
  24          void UART_Routine() interrupt 4
  25          {
  26   1        unsigned char bytedata = '\0';
  27   1        if(RI==1)
  28   1        {
  29   2          bytedata = SBUF;
  30   2          if(bytedata != '\n')
  31   2          {
  32   3            strncat(str,&bytedata,1); //把这个数写进str数组
  33   3              flags = 1;
  34   3          }
  35   2          RI=0;
  36   2        }
  37   1      }


MODULE INFORMATION:   STATIC OVERLAYABLE
   CODE SIZE        =    123    ----
   CONSTANT SIZE    =   ----    ----
   XDATA SIZE       =   ----    ----
   PDATA SIZE       =   ----    ----
   DATA SIZE        =     21       1
   IDATA SIZE       =   ----    ----
   BIT SIZE         =   ----    ----
END OF MODULE INFORMATION.


C51 COMPILATION COMPLETE.  0 WARNING(S),  0 ERROR(S)
