C51 COMPILER V9.54   UART                                                                  01/06/2023 11:47:16 PAGE 1   


C51 COMPILER V9.54, COMPILATION OF MODULE UART
OBJECT MODULE PLACED IN .\Objects\UART.obj
COMPILER INVOKED BY: C:\keil5\C51\BIN\C51.EXE UART.c OPTIMIZE(8,SPEED) BROWSE DEBUG OBJECTEXTEND PRINT(.\Listings\UART.l
                    -st) TABS(2) OBJECT(.\Objects\UART.obj)

line level    source

   1          #include <REGX52.H>
   2          #include "Delay.h"
   3          /**
   4            * @brief  串口初始化，4800bps@12.000MHz
   5            * @param  无
   6            * @retval 无
   7            */
   8          void UART_Init()
   9          {
  10   1        SCON=0x50;
  11   1        PCON |= 0x80;
  12   1        TMOD &= 0x0F;   //设置定时器模式
  13   1        TMOD |= 0x20;   //设置定时器模式
  14   1        TL1 = 0xF4;   //设定定时初值
  15   1        TH1 = 0xF4;   //设定定时器重装值
  16   1        ET1 = 0;    //禁止定时器1中断
  17   1        TR1 = 1;    //启动定时器1
  18   1        EA=1;
  19   1        ES=1;
  20   1      }
  21          
  22          /**
  23            * @brief  串口发送一个字节数据
  24            * @param  Byte 要发送的一个字节数据
  25            * @retval 无
  26            */
  27          void UART_SendByte(unsigned char Byte)
  28          {
  29   1        SBUF=Byte;
  30   1        while(TI==0);
  31   1        TI=0;
  32   1      }
  33          
  34          void UART_Sendstring(unsigned char *str)
  35          {
  36   1        while(*str)
  37   1        {
  38   2          UART_SendByte(*str++);
  39   2          Delay(10);
  40   2        }
  41   1      }
  42          
  43          /*串口中断函数模板
  44          void UART_Routine() interrupt 4
  45          {
  46            if(RI==1)
  47            {
  48              
  49              RI=0;
  50            }
  51          }
  52          */


C51 COMPILER V9.54   UART                                                                  01/06/2023 11:47:16 PAGE 2   

MODULE INFORMATION:   STATIC OVERLAYABLE
   CODE SIZE        =     79    ----
   CONSTANT SIZE    =   ----    ----
   XDATA SIZE       =   ----    ----
   PDATA SIZE       =   ----    ----
   DATA SIZE        =   ----       3
   IDATA SIZE       =   ----    ----
   BIT SIZE         =   ----    ----
END OF MODULE INFORMATION.


C51 COMPILATION COMPLETE.  0 WARNING(S),  0 ERROR(S)
